<?xml version="1.0" encoding="UTF-8"?>
<testng-results skipped="0" failed="0" ignored="0" total="1" passed="1">
  <reporter-output>
    <line>
      <![CDATA[Element is present]]>
    </line>
    <line>
      <![CDATA[Title displayed isFacebook – log in or sign up]]>
    </line>
  </reporter-output>
  <suite name="Suite" duration-ms="21582" started-at="2018-05-27T08:25:19Z" finished-at="2018-05-27T08:25:40Z">
    <groups>
    </groups>
    <test name="Test" duration-ms="21582" started-at="2018-05-27T08:25:19Z" finished-at="2018-05-27T08:25:40Z">
      <class name="test.test1">
        <test-method status="PASS" signature="launchBrowser()[pri:0, instance:test.test1@a7e666]" name="launchBrowser" is-config="true" duration-ms="8593" started-at="2018-05-27T08:25:19Z" finished-at="2018-05-27T08:25:27Z">
          <reporter-output>
          </reporter-output>
        </test-method> <!-- launchBrowser -->
        <test-method status="PASS" signature="testFacebookHome()[pri:0, instance:test.test1@a7e666]" name="testFacebookHome" duration-ms="11351" started-at="2018-05-27T08:25:27Z" finished-at="2018-05-27T08:25:39Z">
          <reporter-output>
            <line>
              <![CDATA[Element is present]]>
            </line>
            <line>
              <![CDATA[Title displayed isFacebook – log in or sign up]]>
            </line>
          </reporter-output>
        </test-method> <!-- testFacebookHome -->
        <test-method status="PASS" signature="closeBrowser()[pri:0, instance:test.test1@a7e666]" name="closeBrowser" is-config="true" duration-ms="1619" started-at="2018-05-27T08:25:39Z" finished-at="2018-05-27T08:25:40Z">
          <reporter-output>
          </reporter-output>
        </test-method> <!-- closeBrowser -->
      </class> <!-- test.test1 -->
    </test> <!-- Test -->
  </suite> <!-- Suite -->
</testng-results>
